C:\GIT\UNSCRAMBLE\UNSCRAMBLE\DEBUG\MAIN.OBJ
C:\GIT\UNSCRAMBLE\UNSCRAMBLE\DEBUG\VC110.PDB
C:\GIT\UNSCRAMBLE\DEBUG\UNSCRAMBLE.ILK
C:\GIT\UNSCRAMBLE\DEBUG\UNSCRAMBLE.EXE
C:\GIT\UNSCRAMBLE\DEBUG\UNSCRAMBLE.PDB
C:\git\Unscramble\Unscramble\Debug\main.obj
C:\git\Unscramble\Unscramble\Debug\cl.command.1.tlog
C:\git\Unscramble\Unscramble\Debug\CL.read.1.tlog
C:\git\Unscramble\Unscramble\Debug\CL.write.1.tlog
C:\git\Unscramble\Unscramble\Debug\link-cvtres.read.1.tlog
C:\git\Unscramble\Unscramble\Debug\link-cvtres.write.1.tlog
C:\git\Unscramble\Unscramble\Debug\link-rc.read.1.tlog
C:\git\Unscramble\Unscramble\Debug\link-rc.write.1.tlog
C:\git\Unscramble\Unscramble\Debug\link.1132-cvtres.read.1.tlog
C:\git\Unscramble\Unscramble\Debug\link.1132-cvtres.write.1.tlog
C:\git\Unscramble\Unscramble\Debug\link.1132-rc.read.1.tlog
C:\git\Unscramble\Unscramble\Debug\link.1132-rc.write.1.tlog
C:\git\Unscramble\Unscramble\Debug\link.1132.read.1.tlog
C:\git\Unscramble\Unscramble\Debug\link.1132.write.1.tlog
C:\git\Unscramble\Unscramble\Debug\link.1360-cvtres.read.1.tlog
C:\git\Unscramble\Unscramble\Debug\link.1360-cvtres.write.1.tlog
C:\git\Unscramble\Unscramble\Debug\link.1360-rc.read.1.tlog
C:\git\Unscramble\Unscramble\Debug\link.1360-rc.write.1.tlog
C:\git\Unscramble\Unscramble\Debug\link.1360.read.1.tlog
C:\git\Unscramble\Unscramble\Debug\link.1360.write.1.tlog
C:\git\Unscramble\Unscramble\Debug\link.1724-cvtres.read.1.tlog
C:\git\Unscramble\Unscramble\Debug\link.1724-cvtres.write.1.tlog
C:\git\Unscramble\Unscramble\Debug\link.1724-rc.read.1.tlog
C:\git\Unscramble\Unscramble\Debug\link.1724-rc.write.1.tlog
C:\git\Unscramble\Unscramble\Debug\link.1724.read.1.tlog
C:\git\Unscramble\Unscramble\Debug\link.1724.write.1.tlog
C:\git\Unscramble\Unscramble\Debug\link.1948-cvtres.read.1.tlog
C:\git\Unscramble\Unscramble\Debug\link.1948-cvtres.write.1.tlog
C:\git\Unscramble\Unscramble\Debug\link.1948-rc.read.1.tlog
C:\git\Unscramble\Unscramble\Debug\link.1948-rc.write.1.tlog
C:\git\Unscramble\Unscramble\Debug\link.1948.read.1.tlog
C:\git\Unscramble\Unscramble\Debug\link.1948.write.1.tlog
C:\git\Unscramble\Unscramble\Debug\link.2100-cvtres.read.1.tlog
C:\git\Unscramble\Unscramble\Debug\link.2100-cvtres.write.1.tlog
C:\git\Unscramble\Unscramble\Debug\link.2100-rc.read.1.tlog
C:\git\Unscramble\Unscramble\Debug\link.2100-rc.write.1.tlog
C:\git\Unscramble\Unscramble\Debug\link.2100.read.1.tlog
C:\git\Unscramble\Unscramble\Debug\link.2100.write.1.tlog
C:\git\Unscramble\Unscramble\Debug\link.2144-cvtres.read.1.tlog
C:\git\Unscramble\Unscramble\Debug\link.2144-cvtres.write.1.tlog
C:\git\Unscramble\Unscramble\Debug\link.2144-rc.read.1.tlog
C:\git\Unscramble\Unscramble\Debug\link.2144-rc.write.1.tlog
C:\git\Unscramble\Unscramble\Debug\link.2144.read.1.tlog
C:\git\Unscramble\Unscramble\Debug\link.2144.write.1.tlog
C:\git\Unscramble\Unscramble\Debug\link.2424-cvtres.read.1.tlog
C:\git\Unscramble\Unscramble\Debug\link.2424-cvtres.write.1.tlog
C:\git\Unscramble\Unscramble\Debug\link.2424-rc.read.1.tlog
C:\git\Unscramble\Unscramble\Debug\link.2424-rc.write.1.tlog
C:\git\Unscramble\Unscramble\Debug\link.2424.read.1.tlog
C:\git\Unscramble\Unscramble\Debug\link.2424.write.1.tlog
C:\git\Unscramble\Unscramble\Debug\link.2436-cvtres.read.1.tlog
C:\git\Unscramble\Unscramble\Debug\link.2436-cvtres.write.1.tlog
C:\git\Unscramble\Unscramble\Debug\link.2436-rc.read.1.tlog
C:\git\Unscramble\Unscramble\Debug\link.2436-rc.write.1.tlog
C:\git\Unscramble\Unscramble\Debug\link.2436.read.1.tlog
C:\git\Unscramble\Unscramble\Debug\link.2436.write.1.tlog
C:\git\Unscramble\Unscramble\Debug\link.244-cvtres.read.1.tlog
C:\git\Unscramble\Unscramble\Debug\link.244-cvtres.write.1.tlog
C:\git\Unscramble\Unscramble\Debug\link.244-rc.read.1.tlog
C:\git\Unscramble\Unscramble\Debug\link.244-rc.write.1.tlog
C:\git\Unscramble\Unscramble\Debug\link.244.read.1.tlog
C:\git\Unscramble\Unscramble\Debug\link.244.write.1.tlog
C:\git\Unscramble\Unscramble\Debug\link.2528-cvtres.read.1.tlog
C:\git\Unscramble\Unscramble\Debug\link.2528-cvtres.write.1.tlog
C:\git\Unscramble\Unscramble\Debug\link.2528-rc.read.1.tlog
C:\git\Unscramble\Unscramble\Debug\link.2528-rc.write.1.tlog
C:\git\Unscramble\Unscramble\Debug\link.2528.read.1.tlog
C:\git\Unscramble\Unscramble\Debug\link.2528.write.1.tlog
C:\git\Unscramble\Unscramble\Debug\link.2744-cvtres.read.1.tlog
C:\git\Unscramble\Unscramble\Debug\link.2744-cvtres.write.1.tlog
C:\git\Unscramble\Unscramble\Debug\link.2744-rc.read.1.tlog
C:\git\Unscramble\Unscramble\Debug\link.2744-rc.write.1.tlog
C:\git\Unscramble\Unscramble\Debug\link.2744.read.1.tlog
C:\git\Unscramble\Unscramble\Debug\link.2744.write.1.tlog
C:\git\Unscramble\Unscramble\Debug\link.3100-cvtres.read.1.tlog
C:\git\Unscramble\Unscramble\Debug\link.3100-cvtres.write.1.tlog
C:\git\Unscramble\Unscramble\Debug\link.3100-rc.read.1.tlog
C:\git\Unscramble\Unscramble\Debug\link.3100-rc.write.1.tlog
C:\git\Unscramble\Unscramble\Debug\link.3100.read.1.tlog
C:\git\Unscramble\Unscramble\Debug\link.3100.write.1.tlog
C:\git\Unscramble\Unscramble\Debug\link.3316-cvtres.read.1.tlog
C:\git\Unscramble\Unscramble\Debug\link.3316-cvtres.write.1.tlog
C:\git\Unscramble\Unscramble\Debug\link.3316-rc.read.1.tlog
C:\git\Unscramble\Unscramble\Debug\link.3316-rc.write.1.tlog
C:\git\Unscramble\Unscramble\Debug\link.3316.read.1.tlog
C:\git\Unscramble\Unscramble\Debug\link.3316.write.1.tlog
C:\git\Unscramble\Unscramble\Debug\link.3512-cvtres.read.1.tlog
C:\git\Unscramble\Unscramble\Debug\link.3512-cvtres.write.1.tlog
C:\git\Unscramble\Unscramble\Debug\link.3512-rc.read.1.tlog
C:\git\Unscramble\Unscramble\Debug\link.3512-rc.write.1.tlog
C:\git\Unscramble\Unscramble\Debug\link.3512.read.1.tlog
C:\git\Unscramble\Unscramble\Debug\link.3512.write.1.tlog
C:\git\Unscramble\Unscramble\Debug\link.3620-cvtres.read.1.tlog
C:\git\Unscramble\Unscramble\Debug\link.3620-cvtres.write.1.tlog
C:\git\Unscramble\Unscramble\Debug\link.3620-rc.read.1.tlog
C:\git\Unscramble\Unscramble\Debug\link.3620-rc.write.1.tlog
C:\git\Unscramble\Unscramble\Debug\link.3620.read.1.tlog
C:\git\Unscramble\Unscramble\Debug\link.3620.write.1.tlog
C:\git\Unscramble\Unscramble\Debug\link.3740-cvtres.read.1.tlog
C:\git\Unscramble\Unscramble\Debug\link.3740-cvtres.write.1.tlog
C:\git\Unscramble\Unscramble\Debug\link.3740-rc.read.1.tlog
C:\git\Unscramble\Unscramble\Debug\link.3740-rc.write.1.tlog
C:\git\Unscramble\Unscramble\Debug\link.3740.read.1.tlog
C:\git\Unscramble\Unscramble\Debug\link.3740.write.1.tlog
C:\git\Unscramble\Unscramble\Debug\link.3936-cvtres.read.1.tlog
C:\git\Unscramble\Unscramble\Debug\link.3936-cvtres.write.1.tlog
C:\git\Unscramble\Unscramble\Debug\link.3936-rc.read.1.tlog
C:\git\Unscramble\Unscramble\Debug\link.3936-rc.write.1.tlog
C:\git\Unscramble\Unscramble\Debug\link.3936.read.1.tlog
C:\git\Unscramble\Unscramble\Debug\link.3936.write.1.tlog
C:\git\Unscramble\Unscramble\Debug\link.4016-cvtres.read.1.tlog
C:\git\Unscramble\Unscramble\Debug\link.4016-cvtres.write.1.tlog
C:\git\Unscramble\Unscramble\Debug\link.4016-rc.read.1.tlog
C:\git\Unscramble\Unscramble\Debug\link.4016-rc.write.1.tlog
C:\git\Unscramble\Unscramble\Debug\link.4016.read.1.tlog
C:\git\Unscramble\Unscramble\Debug\link.4016.write.1.tlog
C:\git\Unscramble\Unscramble\Debug\link.4024-cvtres.read.1.tlog
C:\git\Unscramble\Unscramble\Debug\link.4024-cvtres.write.1.tlog
C:\git\Unscramble\Unscramble\Debug\link.4024-rc.read.1.tlog
C:\git\Unscramble\Unscramble\Debug\link.4024-rc.write.1.tlog
C:\git\Unscramble\Unscramble\Debug\link.4024.read.1.tlog
C:\git\Unscramble\Unscramble\Debug\link.4024.write.1.tlog
C:\git\Unscramble\Unscramble\Debug\link.4056-cvtres.read.1.tlog
C:\git\Unscramble\Unscramble\Debug\link.4056-cvtres.write.1.tlog
C:\git\Unscramble\Unscramble\Debug\link.4056-rc.read.1.tlog
C:\git\Unscramble\Unscramble\Debug\link.4056-rc.write.1.tlog
C:\git\Unscramble\Unscramble\Debug\link.4056.read.1.tlog
C:\git\Unscramble\Unscramble\Debug\link.4056.write.1.tlog
C:\git\Unscramble\Unscramble\Debug\link.4060-cvtres.read.1.tlog
C:\git\Unscramble\Unscramble\Debug\link.4060-cvtres.write.1.tlog
C:\git\Unscramble\Unscramble\Debug\link.4060-rc.read.1.tlog
C:\git\Unscramble\Unscramble\Debug\link.4060-rc.write.1.tlog
C:\git\Unscramble\Unscramble\Debug\link.4060.read.1.tlog
C:\git\Unscramble\Unscramble\Debug\link.4060.write.1.tlog
C:\git\Unscramble\Unscramble\Debug\link.4272-cvtres.read.1.tlog
C:\git\Unscramble\Unscramble\Debug\link.4272-cvtres.write.1.tlog
C:\git\Unscramble\Unscramble\Debug\link.4272-rc.read.1.tlog
C:\git\Unscramble\Unscramble\Debug\link.4272-rc.write.1.tlog
C:\git\Unscramble\Unscramble\Debug\link.4272.read.1.tlog
C:\git\Unscramble\Unscramble\Debug\link.4272.write.1.tlog
C:\git\Unscramble\Unscramble\Debug\link.4352-cvtres.read.1.tlog
C:\git\Unscramble\Unscramble\Debug\link.4352-cvtres.write.1.tlog
C:\git\Unscramble\Unscramble\Debug\link.4352-rc.read.1.tlog
C:\git\Unscramble\Unscramble\Debug\link.4352-rc.write.1.tlog
C:\git\Unscramble\Unscramble\Debug\link.4352.read.1.tlog
C:\git\Unscramble\Unscramble\Debug\link.4352.write.1.tlog
C:\git\Unscramble\Unscramble\Debug\link.4388-cvtres.read.1.tlog
C:\git\Unscramble\Unscramble\Debug\link.4388-cvtres.write.1.tlog
C:\git\Unscramble\Unscramble\Debug\link.4388-rc.read.1.tlog
C:\git\Unscramble\Unscramble\Debug\link.4388-rc.write.1.tlog
C:\git\Unscramble\Unscramble\Debug\link.4388.read.1.tlog
C:\git\Unscramble\Unscramble\Debug\link.4388.write.1.tlog
C:\git\Unscramble\Unscramble\Debug\link.4456-cvtres.read.1.tlog
C:\git\Unscramble\Unscramble\Debug\link.4456-cvtres.write.1.tlog
C:\git\Unscramble\Unscramble\Debug\link.4456-rc.read.1.tlog
C:\git\Unscramble\Unscramble\Debug\link.4456-rc.write.1.tlog
C:\git\Unscramble\Unscramble\Debug\link.4456.read.1.tlog
C:\git\Unscramble\Unscramble\Debug\link.4456.write.1.tlog
C:\git\Unscramble\Unscramble\Debug\link.4580-cvtres.read.1.tlog
C:\git\Unscramble\Unscramble\Debug\link.4580-cvtres.write.1.tlog
C:\git\Unscramble\Unscramble\Debug\link.4580-rc.read.1.tlog
C:\git\Unscramble\Unscramble\Debug\link.4580-rc.write.1.tlog
C:\git\Unscramble\Unscramble\Debug\link.4580.read.1.tlog
C:\git\Unscramble\Unscramble\Debug\link.4580.write.1.tlog
C:\git\Unscramble\Unscramble\Debug\link.4980-cvtres.read.1.tlog
C:\git\Unscramble\Unscramble\Debug\link.4980-cvtres.write.1.tlog
C:\git\Unscramble\Unscramble\Debug\link.4980-rc.read.1.tlog
C:\git\Unscramble\Unscramble\Debug\link.4980-rc.write.1.tlog
C:\git\Unscramble\Unscramble\Debug\link.4980.read.1.tlog
C:\git\Unscramble\Unscramble\Debug\link.4980.write.1.tlog
C:\git\Unscramble\Unscramble\Debug\link.4992-cvtres.read.1.tlog
C:\git\Unscramble\Unscramble\Debug\link.4992-cvtres.write.1.tlog
C:\git\Unscramble\Unscramble\Debug\link.4992-rc.read.1.tlog
C:\git\Unscramble\Unscramble\Debug\link.4992-rc.write.1.tlog
C:\git\Unscramble\Unscramble\Debug\link.4992.read.1.tlog
C:\git\Unscramble\Unscramble\Debug\link.4992.write.1.tlog
C:\git\Unscramble\Unscramble\Debug\link.668-cvtres.read.1.tlog
C:\git\Unscramble\Unscramble\Debug\link.668-cvtres.write.1.tlog
C:\git\Unscramble\Unscramble\Debug\link.668-rc.read.1.tlog
C:\git\Unscramble\Unscramble\Debug\link.668-rc.write.1.tlog
C:\git\Unscramble\Unscramble\Debug\link.668.read.1.tlog
C:\git\Unscramble\Unscramble\Debug\link.668.write.1.tlog
C:\git\Unscramble\Unscramble\Debug\link.752-cvtres.read.1.tlog
C:\git\Unscramble\Unscramble\Debug\link.752-cvtres.write.1.tlog
C:\git\Unscramble\Unscramble\Debug\link.752-rc.read.1.tlog
C:\git\Unscramble\Unscramble\Debug\link.752-rc.write.1.tlog
C:\git\Unscramble\Unscramble\Debug\link.752.read.1.tlog
C:\git\Unscramble\Unscramble\Debug\link.752.write.1.tlog
C:\git\Unscramble\Unscramble\Debug\link.command.1.tlog
C:\git\Unscramble\Unscramble\Debug\link.read.1.tlog
C:\git\Unscramble\Unscramble\Debug\link.write.1.tlog
C:\git\Unscramble\Unscramble\Debug\vc110.idb
C:\git\Unscramble\Unscramble\Debug\vc110.pdb
C:\git\Unscramble\Debug\Unscramble.pdb
C:\git\Unscramble\Debug\Unscramble.exe
C:\git\Unscramble\Debug\Unscramble.ilk
